mode: set
github.com/vishwakarma-setu-backend/controllers/index.go:9.34,13.2 1 1
github.com/vishwakarma-setu-backend/controllers/index.go:14.40,18.2 1 1
github.com/vishwakarma-setu-backend/controllers/index.go:19.37,23.2 1 1
github.com/vishwakarma-setu-backend/controllers/index.go:24.48,28.2 1 1
github.com/vishwakarma-setu-backend/controllers/index.go:29.39,33.2 1 1
github.com/vishwakarma-setu-backend/controllers/index.go:34.41,38.2 1 1
github.com/vishwakarma-setu-backend/controllers/index.go:39.38,43.2 1 1
github.com/vishwakarma-setu-backend/controllers/listing.go:15.55,19.59 3 1
github.com/vishwakarma-setu-backend/controllers/listing.go:19.59,21.3 1 1
github.com/vishwakarma-setu-backend/controllers/listing.go:23.2,23.106 1 0
github.com/vishwakarma-setu-backend/controllers/listing.go:27.42,29.41 2 1
github.com/vishwakarma-setu-backend/controllers/listing.go:29.41,31.3 1 1
github.com/vishwakarma-setu-backend/controllers/listing.go:33.2,34.16 2 1
github.com/vishwakarma-setu-backend/controllers/listing.go:34.16,36.3 1 0
github.com/vishwakarma-setu-backend/controllers/listing.go:38.2,40.57 2 1
github.com/vishwakarma-setu-backend/controllers/listing.go:40.57,42.3 1 0
github.com/vishwakarma-setu-backend/controllers/listing.go:44.2,44.44 1 1
github.com/vishwakarma-setu-backend/controllers/listing.go:48.43,53.37 3 1
github.com/vishwakarma-setu-backend/controllers/listing.go:53.37,57.3 2 1
github.com/vishwakarma-setu-backend/controllers/listing.go:60.2,60.58 1 1
github.com/vishwakarma-setu-backend/controllers/listing.go:60.58,62.3 1 1
github.com/vishwakarma-setu-backend/controllers/listing.go:63.2,63.70 1 1
github.com/vishwakarma-setu-backend/controllers/listing.go:63.70,65.3 1 0
github.com/vishwakarma-setu-backend/controllers/listing.go:66.2,66.58 1 1
github.com/vishwakarma-setu-backend/controllers/listing.go:66.58,69.3 1 0
github.com/vishwakarma-setu-backend/controllers/listing.go:72.2,72.60 1 1
github.com/vishwakarma-setu-backend/controllers/listing.go:72.60,73.28 1 1
github.com/vishwakarma-setu-backend/controllers/listing.go:73.28,75.4 1 1
github.com/vishwakarma-setu-backend/controllers/listing.go:75.9,75.35 1 1
github.com/vishwakarma-setu-backend/controllers/listing.go:75.35,77.4 1 1
github.com/vishwakarma-setu-backend/controllers/listing.go:81.2,81.59 1 1
github.com/vishwakarma-setu-backend/controllers/listing.go:81.59,83.3 1 0
github.com/vishwakarma-setu-backend/controllers/listing.go:84.2,84.59 1 1
github.com/vishwakarma-setu-backend/controllers/listing.go:84.59,86.3 1 0
github.com/vishwakarma-setu-backend/controllers/listing.go:89.2,90.19 2 1
github.com/vishwakarma-setu-backend/controllers/listing.go:91.19,92.44 1 1
github.com/vishwakarma-setu-backend/controllers/listing.go:93.20,94.45 1 1
github.com/vishwakarma-setu-backend/controllers/listing.go:95.16,96.40 1 1
github.com/vishwakarma-setu-backend/controllers/listing.go:97.10,98.41 1 1
github.com/vishwakarma-setu-backend/controllers/listing.go:102.2,104.15 3 1
github.com/vishwakarma-setu-backend/controllers/listing.go:104.15,104.27 1 1
github.com/vishwakarma-setu-backend/controllers/listing.go:105.2,105.16 1 1
github.com/vishwakarma-setu-backend/controllers/listing.go:105.16,105.30 1 1
github.com/vishwakarma-setu-backend/controllers/listing.go:106.2,112.80 4 1
github.com/vishwakarma-setu-backend/controllers/listing.go:112.80,114.3 1 0
github.com/vishwakarma-setu-backend/controllers/listing.go:116.2,122.4 1 1
github.com/vishwakarma-setu-backend/controllers/listing.go:126.43,129.70 3 1
github.com/vishwakarma-setu-backend/controllers/listing.go:129.70,131.3 1 1
github.com/vishwakarma-setu-backend/controllers/listing.go:132.2,132.39 1 1
github.com/vishwakarma-setu-backend/controllers/listing.go:136.42,140.70 3 1
github.com/vishwakarma-setu-backend/controllers/listing.go:140.70,142.3 1 1
github.com/vishwakarma-setu-backend/controllers/listing.go:144.2,145.16 2 1
github.com/vishwakarma-setu-backend/controllers/listing.go:145.16,147.3 1 0
github.com/vishwakarma-setu-backend/controllers/listing.go:149.2,149.32 1 1
github.com/vishwakarma-setu-backend/controllers/listing.go:149.32,151.3 1 1
github.com/vishwakarma-setu-backend/controllers/listing.go:153.2,154.44 2 1
github.com/vishwakarma-setu-backend/controllers/listing.go:154.44,156.3 1 1
github.com/vishwakarma-setu-backend/controllers/listing.go:159.2,172.39 13 1
github.com/vishwakarma-setu-backend/controllers/listing.go:176.42,180.70 3 1
github.com/vishwakarma-setu-backend/controllers/listing.go:180.70,182.3 1 1
github.com/vishwakarma-setu-backend/controllers/listing.go:184.2,185.16 2 1
github.com/vishwakarma-setu-backend/controllers/listing.go:185.16,187.3 1 0
github.com/vishwakarma-setu-backend/controllers/listing.go:189.2,189.32 1 1
github.com/vishwakarma-setu-backend/controllers/listing.go:189.32,191.3 1 1
github.com/vishwakarma-setu-backend/controllers/listing.go:193.2,193.57 1 1
github.com/vishwakarma-setu-backend/controllers/listing.go:193.57,195.3 1 0
github.com/vishwakarma-setu-backend/controllers/listing.go:196.2,196.92 1 1
