mode: set
github.com/vishwakarma-setu-backend/controllers/index.go:16.34,20.2 1 1
github.com/vishwakarma-setu-backend/controllers/index.go:29.40,33.2 1 1
github.com/vishwakarma-setu-backend/controllers/index.go:41.37,45.2 1 1
github.com/vishwakarma-setu-backend/controllers/index.go:53.48,57.2 1 1
github.com/vishwakarma-setu-backend/controllers/index.go:65.39,69.2 1 1
github.com/vishwakarma-setu-backend/controllers/index.go:77.41,81.2 1 1
github.com/vishwakarma-setu-backend/controllers/index.go:89.38,93.2 1 1
github.com/vishwakarma-setu-backend/controllers/inspection.go:35.51,37.37 2 1
github.com/vishwakarma-setu-backend/controllers/inspection.go:37.37,39.3 1 0
github.com/vishwakarma-setu-backend/controllers/inspection.go:42.2,43.16 2 1
github.com/vishwakarma-setu-backend/controllers/inspection.go:43.16,45.3 1 0
github.com/vishwakarma-setu-backend/controllers/inspection.go:53.2,54.81 2 1
github.com/vishwakarma-setu-backend/controllers/inspection.go:54.81,56.3 1 1
github.com/vishwakarma-setu-backend/controllers/inspection.go:59.2,73.56 4 1
github.com/vishwakarma-setu-backend/controllers/inspection.go:73.56,75.3 1 0
github.com/vishwakarma-setu-backend/controllers/inspection.go:78.2,78.69 1 1
github.com/vishwakarma-setu-backend/controllers/inspection.go:78.69,80.3 1 0
github.com/vishwakarma-setu-backend/controllers/inspection.go:82.2,82.43 1 1
github.com/vishwakarma-setu-backend/controllers/inspection.go:93.49,98.115 3 1
github.com/vishwakarma-setu-backend/controllers/inspection.go:98.115,100.3 1 1
github.com/vishwakarma-setu-backend/controllers/inspection.go:102.2,102.38 1 1
github.com/vishwakarma-setu-backend/controllers/listing.go:21.57,32.22 5 1
github.com/vishwakarma-setu-backend/controllers/listing.go:32.22,34.3 1 0
github.com/vishwakarma-setu-backend/controllers/listing.go:36.2,39.8 1 1
github.com/vishwakarma-setu-backend/controllers/listing.go:55.42,57.41 2 1
github.com/vishwakarma-setu-backend/controllers/listing.go:57.41,59.3 1 0
github.com/vishwakarma-setu-backend/controllers/listing.go:61.2,62.16 2 1
github.com/vishwakarma-setu-backend/controllers/listing.go:62.16,64.3 1 0
github.com/vishwakarma-setu-backend/controllers/listing.go:67.2,67.51 1 1
github.com/vishwakarma-setu-backend/controllers/listing.go:67.51,69.3 1 1
github.com/vishwakarma-setu-backend/controllers/listing.go:71.2,73.57 2 1
github.com/vishwakarma-setu-backend/controllers/listing.go:73.57,75.3 1 0
github.com/vishwakarma-setu-backend/controllers/listing.go:77.2,77.44 1 1
github.com/vishwakarma-setu-backend/controllers/listing.go:95.43,100.37 3 1
github.com/vishwakarma-setu-backend/controllers/listing.go:100.37,103.3 2 1
github.com/vishwakarma-setu-backend/controllers/listing.go:106.2,106.58 1 1
github.com/vishwakarma-setu-backend/controllers/listing.go:106.58,108.3 1 1
github.com/vishwakarma-setu-backend/controllers/listing.go:109.2,109.70 1 1
github.com/vishwakarma-setu-backend/controllers/listing.go:109.70,111.3 1 0
github.com/vishwakarma-setu-backend/controllers/listing.go:112.2,112.58 1 1
github.com/vishwakarma-setu-backend/controllers/listing.go:112.58,114.3 1 0
github.com/vishwakarma-setu-backend/controllers/listing.go:117.2,117.60 1 1
github.com/vishwakarma-setu-backend/controllers/listing.go:117.60,118.28 1 1
github.com/vishwakarma-setu-backend/controllers/listing.go:118.28,120.4 1 1
github.com/vishwakarma-setu-backend/controllers/listing.go:120.9,120.35 1 1
github.com/vishwakarma-setu-backend/controllers/listing.go:120.35,122.4 1 1
github.com/vishwakarma-setu-backend/controllers/listing.go:126.2,126.59 1 1
github.com/vishwakarma-setu-backend/controllers/listing.go:126.59,128.3 1 0
github.com/vishwakarma-setu-backend/controllers/listing.go:129.2,129.59 1 1
github.com/vishwakarma-setu-backend/controllers/listing.go:129.59,131.3 1 0
github.com/vishwakarma-setu-backend/controllers/listing.go:134.2,135.19 2 1
github.com/vishwakarma-setu-backend/controllers/listing.go:136.19,137.44 1 1
github.com/vishwakarma-setu-backend/controllers/listing.go:138.20,139.45 1 0
github.com/vishwakarma-setu-backend/controllers/listing.go:140.16,141.40 1 0
github.com/vishwakarma-setu-backend/controllers/listing.go:142.10,143.41 1 1
github.com/vishwakarma-setu-backend/controllers/listing.go:147.2,149.15 3 1
github.com/vishwakarma-setu-backend/controllers/listing.go:149.15,149.27 1 1
github.com/vishwakarma-setu-backend/controllers/listing.go:150.2,150.16 1 1
github.com/vishwakarma-setu-backend/controllers/listing.go:150.16,150.30 1 1
github.com/vishwakarma-setu-backend/controllers/listing.go:151.2,156.80 4 1
github.com/vishwakarma-setu-backend/controllers/listing.go:156.80,158.3 1 0
github.com/vishwakarma-setu-backend/controllers/listing.go:160.2,166.4 1 1
github.com/vishwakarma-setu-backend/controllers/listing.go:170.43,173.70 3 1
github.com/vishwakarma-setu-backend/controllers/listing.go:173.70,175.3 1 1
github.com/vishwakarma-setu-backend/controllers/listing.go:176.2,176.39 1 1
github.com/vishwakarma-setu-backend/controllers/listing.go:191.42,195.70 3 1
github.com/vishwakarma-setu-backend/controllers/listing.go:195.70,197.3 1 0
github.com/vishwakarma-setu-backend/controllers/listing.go:199.2,200.16 2 1
github.com/vishwakarma-setu-backend/controllers/listing.go:200.16,202.3 1 0
github.com/vishwakarma-setu-backend/controllers/listing.go:205.2,205.57 1 1
github.com/vishwakarma-setu-backend/controllers/listing.go:205.57,207.3 1 1
github.com/vishwakarma-setu-backend/controllers/listing.go:209.2,210.44 2 1
github.com/vishwakarma-setu-backend/controllers/listing.go:210.44,212.3 1 0
github.com/vishwakarma-setu-backend/controllers/listing.go:214.2,227.39 13 1
github.com/vishwakarma-setu-backend/controllers/listing.go:240.42,244.70 3 1
github.com/vishwakarma-setu-backend/controllers/listing.go:244.70,246.3 1 0
github.com/vishwakarma-setu-backend/controllers/listing.go:248.2,249.16 2 1
github.com/vishwakarma-setu-backend/controllers/listing.go:249.16,251.3 1 0
github.com/vishwakarma-setu-backend/controllers/listing.go:254.2,254.57 1 1
github.com/vishwakarma-setu-backend/controllers/listing.go:254.57,256.3 1 1
github.com/vishwakarma-setu-backend/controllers/listing.go:258.2,258.57 1 1
github.com/vishwakarma-setu-backend/controllers/listing.go:258.57,260.3 1 0
github.com/vishwakarma-setu-backend/controllers/listing.go:261.2,261.92 1 1
github.com/vishwakarma-setu-backend/controllers/maintenance.go:34.49,36.37 2 1
github.com/vishwakarma-setu-backend/controllers/maintenance.go:36.37,38.3 1 0
github.com/vishwakarma-setu-backend/controllers/maintenance.go:40.2,41.16 2 1
github.com/vishwakarma-setu-backend/controllers/maintenance.go:41.16,43.3 1 0
github.com/vishwakarma-setu-backend/controllers/maintenance.go:46.2,47.81 2 1
github.com/vishwakarma-setu-backend/controllers/maintenance.go:47.81,49.3 1 1
github.com/vishwakarma-setu-backend/controllers/maintenance.go:51.2,51.36 1 1
github.com/vishwakarma-setu-backend/controllers/maintenance.go:51.36,53.3 1 1
github.com/vishwakarma-setu-backend/controllers/maintenance.go:55.2,67.56 3 1
github.com/vishwakarma-setu-backend/controllers/maintenance.go:67.56,69.3 1 0
github.com/vishwakarma-setu-backend/controllers/maintenance.go:71.2,71.43 1 1
github.com/vishwakarma-setu-backend/controllers/maintenance.go:82.50,86.117 3 1
github.com/vishwakarma-setu-backend/controllers/maintenance.go:86.117,88.3 1 0
github.com/vishwakarma-setu-backend/controllers/maintenance.go:90.2,90.39 1 1
github.com/vishwakarma-setu-backend/controllers/rentals.go:37.48,39.37 2 1
github.com/vishwakarma-setu-backend/controllers/rentals.go:39.37,41.3 1 0
github.com/vishwakarma-setu-backend/controllers/rentals.go:43.2,43.25 1 1
github.com/vishwakarma-setu-backend/controllers/rentals.go:43.25,45.3 1 1
github.com/vishwakarma-setu-backend/controllers/rentals.go:48.2,49.16 2 1
github.com/vishwakarma-setu-backend/controllers/rentals.go:49.16,51.3 1 0
github.com/vishwakarma-setu-backend/controllers/rentals.go:53.2,54.81 2 1
github.com/vishwakarma-setu-backend/controllers/rentals.go:54.81,56.3 1 1
github.com/vishwakarma-setu-backend/controllers/rentals.go:58.2,58.35 1 1
github.com/vishwakarma-setu-backend/controllers/rentals.go:58.35,60.3 1 0
github.com/vishwakarma-setu-backend/controllers/rentals.go:62.2,64.16 3 1
github.com/vishwakarma-setu-backend/controllers/rentals.go:64.16,64.113 1 0
github.com/vishwakarma-setu-backend/controllers/rentals.go:65.2,66.16 2 1
github.com/vishwakarma-setu-backend/controllers/rentals.go:66.16,66.111 1 0
github.com/vishwakarma-setu-backend/controllers/rentals.go:68.2,68.23 1 1
github.com/vishwakarma-setu-backend/controllers/rentals.go:68.23,70.3 1 1
github.com/vishwakarma-setu-backend/controllers/rentals.go:72.2,73.14 2 1
github.com/vishwakarma-setu-backend/controllers/rentals.go:73.14,73.26 1 0
github.com/vishwakarma-setu-backend/controllers/rentals.go:75.2,89.56 4 1
github.com/vishwakarma-setu-backend/controllers/rentals.go:89.56,91.3 1 0
github.com/vishwakarma-setu-backend/controllers/rentals.go:93.2,93.43 1 1
github.com/vishwakarma-setu-backend/controllers/rentals.go:104.41,107.16 2 1
github.com/vishwakarma-setu-backend/controllers/rentals.go:107.16,109.3 1 0
github.com/vishwakarma-setu-backend/controllers/rentals.go:111.2,112.106 2 1
github.com/vishwakarma-setu-backend/controllers/rentals.go:112.106,114.3 1 0
github.com/vishwakarma-setu-backend/controllers/rentals.go:116.2,116.39 1 1
github.com/vishwakarma-setu-backend/controllers/rentals.go:127.44,130.16 2 1
github.com/vishwakarma-setu-backend/controllers/rentals.go:130.16,132.3 1 0
github.com/vishwakarma-setu-backend/controllers/rentals.go:134.2,140.16 3 1
github.com/vishwakarma-setu-backend/controllers/rentals.go:140.16,142.3 1 0
github.com/vishwakarma-setu-backend/controllers/rentals.go:144.2,144.39 1 1
github.com/vishwakarma-setu-backend/controllers/rentals.go:159.47,163.37 3 1
github.com/vishwakarma-setu-backend/controllers/rentals.go:163.37,165.3 1 0
github.com/vishwakarma-setu-backend/controllers/rentals.go:168.2,169.16 2 1
github.com/vishwakarma-setu-backend/controllers/rentals.go:169.16,171.3 1 0
github.com/vishwakarma-setu-backend/controllers/rentals.go:173.2,174.94 2 1
github.com/vishwakarma-setu-backend/controllers/rentals.go:174.94,176.3 1 0
github.com/vishwakarma-setu-backend/controllers/rentals.go:178.2,178.40 1 1
github.com/vishwakarma-setu-backend/controllers/rentals.go:178.40,180.3 1 1
github.com/vishwakarma-setu-backend/controllers/rentals.go:182.2,185.38 3 1
github.com/vishwakarma-setu-backend/controllers/upload.go:30.40,33.16 2 1
github.com/vishwakarma-setu-backend/controllers/upload.go:33.16,35.3 1 1
github.com/vishwakarma-setu-backend/controllers/upload.go:38.2,38.29 1 1
github.com/vishwakarma-setu-backend/controllers/upload.go:38.29,40.3 1 0
github.com/vishwakarma-setu-backend/controllers/upload.go:43.2,44.16 2 1
github.com/vishwakarma-setu-backend/controllers/upload.go:44.16,46.3 1 0
github.com/vishwakarma-setu-backend/controllers/upload.go:47.2,52.54 3 1
github.com/vishwakarma-setu-backend/controllers/upload.go:52.54,54.3 1 1
github.com/vishwakarma-setu-backend/controllers/upload.go:57.2,61.55 3 1
github.com/vishwakarma-setu-backend/controllers/upload.go:61.55,63.3 1 0
github.com/vishwakarma-setu-backend/controllers/upload.go:66.2,68.16 3 1
github.com/vishwakarma-setu-backend/controllers/upload.go:68.16,70.3 1 0
github.com/vishwakarma-setu-backend/controllers/upload.go:71.2,74.44 2 1
github.com/vishwakarma-setu-backend/controllers/upload.go:74.44,76.3 1 0
github.com/vishwakarma-setu-backend/controllers/upload.go:81.2,83.65 2 1
